cl : command line  warning D9035: option 'Gm' has been deprecated and will be removed in a future release
  opStickImage.cpp
  Triangle.cpp
R:\ZC\2. First Year\First semester\CIE 202\Project\PROJECT FINAL\Shapes\Triangle.cpp(105,24): warning C4244: '=': conversion from 'double' to 'int', possible loss of data
R:\ZC\2. First Year\First semester\CIE 202\Project\PROJECT FINAL\Shapes\Triangle.cpp(106,24): warning C4244: '=': conversion from 'double' to 'int', possible loss of data
R:\ZC\2. First Year\First semester\CIE 202\Project\PROJECT FINAL\Shapes\Triangle.cpp(107,24): warning C4244: '=': conversion from 'double' to 'int', possible loss of data
R:\ZC\2. First Year\First semester\CIE 202\Project\PROJECT FINAL\Shapes\Triangle.cpp(108,24): warning C4244: '=': conversion from 'double' to 'int', possible loss of data
R:\ZC\2. First Year\First semester\CIE 202\Project\PROJECT FINAL\Shapes\Triangle.cpp(211,8): warning C4244: '=': conversion from 'double' to 'int', possible loss of data
R:\ZC\2. First Year\First semester\CIE 202\Project\PROJECT FINAL\Shapes\Triangle.cpp(212,8): warning C4244: '=': conversion from 'double' to 'int', possible loss of data
R:\ZC\2. First Year\First semester\CIE 202\Project\PROJECT FINAL\Shapes\Triangle.cpp(213,12): warning C4244: 'initializing': conversion from 'double' to 'int', possible loss of data
R:\ZC\2. First Year\First semester\CIE 202\Project\PROJECT FINAL\Shapes\Triangle.cpp(214,13): warning C4244: 'initializing': conversion from 'double' to 'int', possible loss of data
R:\ZC\2. First Year\First semester\CIE 202\Project\PROJECT FINAL\Shapes\Triangle.cpp(222,9): warning C4244: 'initializing': conversion from 'double' to 'int', possible loss of data
R:\ZC\2. First Year\First semester\CIE 202\Project\PROJECT FINAL\Shapes\Triangle.cpp(223,9): warning C4244: 'initializing': conversion from 'double' to 'int', possible loss of data
R:\ZC\2. First Year\First semester\CIE 202\Project\PROJECT FINAL\Shapes\Triangle.cpp(224,14): warning C4244: '=': conversion from 'double' to 'int', possible loss of data
R:\ZC\2. First Year\First semester\CIE 202\Project\PROJECT FINAL\Shapes\Triangle.cpp(225,14): warning C4244: '=': conversion from 'double' to 'int', possible loss of data
R:\ZC\2. First Year\First semester\CIE 202\Project\PROJECT FINAL\Shapes\Triangle.cpp(251,9): warning C4244: '=': conversion from 'double' to 'int', possible loss of data
R:\ZC\2. First Year\First semester\CIE 202\Project\PROJECT FINAL\Shapes\Triangle.cpp(252,9): warning C4244: '=': conversion from 'double' to 'int', possible loss of data
R:\ZC\2. First Year\First semester\CIE 202\Project\PROJECT FINAL\Shapes\Triangle.cpp(253,13): warning C4244: 'initializing': conversion from 'double' to 'int', possible loss of data
R:\ZC\2. First Year\First semester\CIE 202\Project\PROJECT FINAL\Shapes\Triangle.cpp(254,14): warning C4244: 'initializing': conversion from 'double' to 'int', possible loss of data
  Generating Code...
  CIE202-project.vcxproj -> R:\ZC\2. First Year\First semester\CIE 202\Project\PROJECT FINAL\Debug\CIE202-project.exe
