c:\users\silex\desktop\cppproject\cpp-project\debug\vc143.pdb
c:\users\silex\desktop\cppproject\cpp-project\debug\vc143.idb
c:\users\silex\desktop\cppproject\cpp-project\debug\triangle.sbr
c:\users\silex\desktop\cppproject\cpp-project\debug\square.sbr
c:\users\silex\desktop\cppproject\cpp-project\debug\rect.sbr
c:\users\silex\desktop\cppproject\cpp-project\debug\shape.sbr
c:\users\silex\desktop\cppproject\cpp-project\debug\polygon.sbr
c:\users\silex\desktop\cppproject\cpp-project\debug\line.sbr
c:\users\silex\desktop\cppproject\cpp-project\debug\graph.sbr
c:\users\silex\desktop\cppproject\cpp-project\debug\circle.sbr
c:\users\silex\desktop\cppproject\cpp-project\debug\opundo.sbr
c:\users\silex\desktop\cppproject\cpp-project\debug\optoplaymode.sbr
c:\users\silex\desktop\cppproject\cpp-project\debug\opstickimage.sbr
c:\users\silex\desktop\cppproject\cpp-project\debug\opselectshape.sbr
c:\users\silex\desktop\cppproject\cpp-project\debug\opsave.sbr
c:\users\silex\desktop\cppproject\cpp-project\debug\oprotateshape.sbr
c:\users\silex\desktop\cppproject\cpp-project\debug\opresizeshape.sbr
c:\users\silex\desktop\cppproject\cpp-project\debug\opredo.sbr
c:\users\silex\desktop\cppproject\cpp-project\debug\oppaste.sbr
c:\users\silex\desktop\cppproject\cpp-project\debug\opload.sbr
c:\users\silex\desktop\cppproject\cpp-project\debug\opexit.sbr
c:\users\silex\desktop\cppproject\cpp-project\debug\opdeleteshapes.sbr
c:\users\silex\desktop\cppproject\cpp-project\debug\opdeleteshapes.obj
c:\users\silex\desktop\cppproject\cpp-project\debug\opexit.obj
c:\users\silex\desktop\cppproject\cpp-project\debug\opload.obj
c:\users\silex\desktop\cppproject\cpp-project\debug\oppaste.obj
c:\users\silex\desktop\cppproject\cpp-project\debug\opredo.obj
c:\users\silex\desktop\cppproject\cpp-project\debug\opresizeshape.obj
c:\users\silex\desktop\cppproject\cpp-project\debug\oprotateshape.obj
c:\users\silex\desktop\cppproject\cpp-project\debug\opsave.obj
c:\users\silex\desktop\cppproject\cpp-project\debug\opselectshape.obj
c:\users\silex\desktop\cppproject\cpp-project\debug\opstickimage.obj
c:\users\silex\desktop\cppproject\cpp-project\debug\optoplaymode.obj
c:\users\silex\desktop\cppproject\cpp-project\debug\opundo.obj
c:\users\silex\desktop\cppproject\cpp-project\debug\circle.obj
c:\users\silex\desktop\cppproject\cpp-project\debug\graph.obj
c:\users\silex\desktop\cppproject\cpp-project\debug\line.obj
c:\users\silex\desktop\cppproject\cpp-project\debug\polygon.obj
c:\users\silex\desktop\cppproject\cpp-project\debug\shape.obj
c:\users\silex\desktop\cppproject\cpp-project\debug\rect.obj
c:\users\silex\desktop\cppproject\cpp-project\debug\square.obj
c:\users\silex\desktop\cppproject\cpp-project\debug\triangle.obj
c:\users\silex\desktop\cppproject\cpp-project\debug\opcopy.sbr
c:\users\silex\desktop\cppproject\cpp-project\debug\opchangefillcolor.sbr
c:\users\silex\desktop\cppproject\cpp-project\debug\opchangedrawcolor.sbr
c:\users\silex\desktop\cppproject\cpp-project\debug\opaddpolygon.sbr
c:\users\silex\desktop\cppproject\cpp-project\debug\opaddtriangle.sbr
c:\users\silex\desktop\cppproject\cpp-project\debug\opaddsquare.sbr
c:\users\silex\desktop\cppproject\cpp-project\debug\opaddrect.sbr
c:\users\silex\desktop\cppproject\cpp-project\debug\opaddline.sbr
c:\users\silex\desktop\cppproject\cpp-project\debug\opaddcircle.sbr
c:\users\silex\desktop\cppproject\cpp-project\debug\main.sbr
c:\users\silex\desktop\cppproject\cpp-project\debug\controller.sbr
c:\users\silex\desktop\cppproject\cpp-project\debug\gui.sbr
c:\users\silex\desktop\cppproject\cpp-project\debug\windowinput.sbr
c:\users\silex\desktop\cppproject\cpp-project\debug\mousequeue.sbr
c:\users\silex\desktop\cppproject\cpp-project\debug\keyqueue.sbr
c:\users\silex\desktop\cppproject\cpp-project\debug\image.sbr
c:\users\silex\desktop\cppproject\cpp-project\debug\cmugraphics.sbr
c:\users\silex\desktop\cppproject\cpp-project\debug\auxil.sbr
c:\users\silex\desktop\cppproject\cpp-project\debug\auxil.obj
c:\users\silex\desktop\cppproject\cpp-project\debug\cmugraphics.obj
c:\users\silex\desktop\cppproject\cpp-project\debug\image.obj
c:\users\silex\desktop\cppproject\cpp-project\debug\keyqueue.obj
c:\users\silex\desktop\cppproject\cpp-project\debug\mousequeue.obj
c:\users\silex\desktop\cppproject\cpp-project\debug\windowinput.obj
c:\users\silex\desktop\cppproject\cpp-project\debug\gui.obj
c:\users\silex\desktop\cppproject\cpp-project\debug\controller.obj
c:\users\silex\desktop\cppproject\cpp-project\debug\main.obj
c:\users\silex\desktop\cppproject\cpp-project\debug\opaddcircle.obj
c:\users\silex\desktop\cppproject\cpp-project\debug\opaddline.obj
c:\users\silex\desktop\cppproject\cpp-project\debug\opaddrect.obj
c:\users\silex\desktop\cppproject\cpp-project\debug\opaddsquare.obj
c:\users\silex\desktop\cppproject\cpp-project\debug\opaddtriangle.obj
c:\users\silex\desktop\cppproject\cpp-project\debug\opaddpolygon.obj
c:\users\silex\desktop\cppproject\cpp-project\debug\opchangedrawcolor.obj
c:\users\silex\desktop\cppproject\cpp-project\debug\opchangefillcolor.obj
c:\users\silex\desktop\cppproject\cpp-project\debug\opcopy.obj
c:\users\silex\desktop\cppproject\cpp-project\debug\jutils.sbr
c:\users\silex\desktop\cppproject\cpp-project\debug\jquant2.sbr
c:\users\silex\desktop\cppproject\cpp-project\debug\jquant1.sbr
c:\users\silex\desktop\cppproject\cpp-project\debug\jmemnobs.sbr
c:\users\silex\desktop\cppproject\cpp-project\debug\jmemmgr.sbr
c:\users\silex\desktop\cppproject\cpp-project\debug\jidctred.sbr
c:\users\silex\desktop\cppproject\cpp-project\debug\jidctint.sbr
c:\users\silex\desktop\cppproject\cpp-project\debug\jidctfst.sbr
c:\users\silex\desktop\cppproject\cpp-project\debug\jidctflt.sbr
c:\users\silex\desktop\cppproject\cpp-project\debug\jerror.sbr
c:\users\silex\desktop\cppproject\cpp-project\debug\jdtrans.sbr
c:\users\silex\desktop\cppproject\cpp-project\debug\jdsample.sbr
c:\users\silex\desktop\cppproject\cpp-project\debug\jdpostct.sbr
c:\users\silex\desktop\cppproject\cpp-project\debug\jdphuff.sbr
c:\users\silex\desktop\cppproject\cpp-project\debug\jdmerge.sbr
c:\users\silex\desktop\cppproject\cpp-project\debug\jdmaster.sbr
c:\users\silex\desktop\cppproject\cpp-project\debug\jdmarker.sbr
c:\users\silex\desktop\cppproject\cpp-project\debug\jdmainct.sbr
c:\users\silex\desktop\cppproject\cpp-project\debug\jdinput.sbr
c:\users\silex\desktop\cppproject\cpp-project\debug\jdhuff.sbr
c:\users\silex\desktop\cppproject\cpp-project\debug\jdhuff.obj
c:\users\silex\desktop\cppproject\cpp-project\debug\jdinput.obj
c:\users\silex\desktop\cppproject\cpp-project\debug\jdmainct.obj
c:\users\silex\desktop\cppproject\cpp-project\debug\jdmarker.obj
c:\users\silex\desktop\cppproject\cpp-project\debug\jdmaster.obj
c:\users\silex\desktop\cppproject\cpp-project\debug\jdmerge.obj
c:\users\silex\desktop\cppproject\cpp-project\debug\jdphuff.obj
c:\users\silex\desktop\cppproject\cpp-project\debug\jdpostct.obj
c:\users\silex\desktop\cppproject\cpp-project\debug\jdsample.obj
c:\users\silex\desktop\cppproject\cpp-project\debug\jdtrans.obj
c:\users\silex\desktop\cppproject\cpp-project\debug\jerror.obj
c:\users\silex\desktop\cppproject\cpp-project\debug\jidctflt.obj
c:\users\silex\desktop\cppproject\cpp-project\debug\jidctfst.obj
c:\users\silex\desktop\cppproject\cpp-project\debug\jidctint.obj
c:\users\silex\desktop\cppproject\cpp-project\debug\jidctred.obj
c:\users\silex\desktop\cppproject\cpp-project\debug\jmemmgr.obj
c:\users\silex\desktop\cppproject\cpp-project\debug\jmemnobs.obj
c:\users\silex\desktop\cppproject\cpp-project\debug\jquant1.obj
c:\users\silex\desktop\cppproject\cpp-project\debug\jquant2.obj
c:\users\silex\desktop\cppproject\cpp-project\debug\jutils.obj
c:\users\silex\desktop\cppproject\cpp-project\debug\jddctmgr.sbr
c:\users\silex\desktop\cppproject\cpp-project\debug\jdcolor.sbr
c:\users\silex\desktop\cppproject\cpp-project\debug\jdcoefct.sbr
c:\users\silex\desktop\cppproject\cpp-project\debug\jdatasrc.sbr
c:\users\silex\desktop\cppproject\cpp-project\debug\jdapistd.sbr
c:\users\silex\desktop\cppproject\cpp-project\debug\jdapimin.sbr
c:\users\silex\desktop\cppproject\cpp-project\debug\jcparam.sbr
c:\users\silex\desktop\cppproject\cpp-project\debug\jcomapi.sbr
c:\users\silex\desktop\cppproject\cpp-project\debug\jpegload.sbr
c:\users\silex\desktop\cppproject\cpp-project\debug\jpegload.obj
c:\users\silex\desktop\cppproject\cpp-project\debug\jcomapi.obj
c:\users\silex\desktop\cppproject\cpp-project\debug\jcparam.obj
c:\users\silex\desktop\cppproject\cpp-project\debug\jdapimin.obj
c:\users\silex\desktop\cppproject\cpp-project\debug\jdapistd.obj
c:\users\silex\desktop\cppproject\cpp-project\debug\jdatasrc.obj
c:\users\silex\desktop\cppproject\cpp-project\debug\jdcoefct.obj
c:\users\silex\desktop\cppproject\cpp-project\debug\jdcolor.obj
c:\users\silex\desktop\cppproject\cpp-project\debug\jddctmgr.obj
c:\users\silex\desktop\cppproject\cpp-project\debug\cie202-project.res
c:\users\silex\desktop\cppproject\cpp-project\debug\cie202-project.pdb
c:\users\silex\desktop\cppproject\cpp-project\debug\cie202-project.tlog\cl.command.1.tlog
c:\users\silex\desktop\cppproject\cpp-project\debug\cie202-project.tlog\cl.read.1.tlog
c:\users\silex\desktop\cppproject\cpp-project\debug\cie202-project.tlog\cl.write.1.tlog
c:\users\silex\desktop\cppproject\cpp-project\debug\cie202-project.tlog\link-cvtres.read.1.tlog
c:\users\silex\desktop\cppproject\cpp-project\debug\cie202-project.tlog\link-cvtres.write.1.tlog
c:\users\silex\desktop\cppproject\cpp-project\debug\cie202-project.tlog\link-rc.read.1.tlog
c:\users\silex\desktop\cppproject\cpp-project\debug\cie202-project.tlog\link-rc.write.1.tlog
c:\users\silex\desktop\cppproject\cpp-project\debug\cie202-project.tlog\link.command.1.tlog
c:\users\silex\desktop\cppproject\cpp-project\debug\cie202-project.tlog\link.read.1.tlog
c:\users\silex\desktop\cppproject\cpp-project\debug\cie202-project.tlog\link.write.1.tlog
c:\users\silex\desktop\cppproject\cpp-project\debug\cie202-project.tlog\rc.command.1.tlog
c:\users\silex\desktop\cppproject\cpp-project\debug\cie202-project.tlog\rc.read.1.tlog
c:\users\silex\desktop\cppproject\cpp-project\debug\cie202-project.tlog\rc.write.1.tlog
